2023-11-17T08:56:42+00:00 CRITICAL Uncaught Error: Call to undefined function wp_pagenavi() in /var/www/html/wp-content/themes/vuoncuaby/archive.php:52
Stack trace:
#0 /var/www/html/wp-includes/template-loader.php(106): include()
#1 /var/www/html/wp-blog-header.php(19): require_once('/var/www/html/w...')
#2 /var/www/html/index.php(17): require('/var/www/html/w...')
#3 {main}
  thrown in /var/www/html/wp-content/themes/vuoncuaby/archive.php on line 52

2023-11-17T08:59:39+00:00 CRITICAL Uncaught Error: Call to undefined function wp_pagenavi() in /var/www/html/wp-content/themes/vuoncuaby/archive.php:52
Stack trace:
#0 /var/www/html/wp-includes/template-loader.php(106): include()
#1 /var/www/html/wp-blog-header.php(19): require_once('/var/www/html/w...')
#2 /var/www/html/index.php(17): require('/var/www/html/w...')
#3 {main}
  thrown in /var/www/html/wp-content/themes/vuoncuaby/archive.php on line 52

2023-11-17T09:15:47+00:00 CRITICAL Uncaught Error: Call to undefined function wp_pagenavi() in /var/www/html/wp-content/themes/vuoncuaby/page-cate.php:250
Stack trace:
#0 /var/www/html/wp-includes/template-loader.php(106): include()
#1 /var/www/html/wp-blog-header.php(19): require_once('/var/www/html/w...')
#2 /var/www/html/index.php(17): require('/var/www/html/w...')
#3 {main}
  thrown in /var/www/html/wp-content/themes/vuoncuaby/page-cate.php on line 250

2023-11-17T09:17:01+00:00 CRITICAL Uncaught Error: Call to undefined function wp_pagenavi() in /var/www/html/wp-content/themes/vuoncuaby/page-cate.php:250
Stack trace:
#0 /var/www/html/wp-includes/template-loader.php(106): include()
#1 /var/www/html/wp-blog-header.php(19): require_once('/var/www/html/w...')
#2 /var/www/html/index.php(17): require('/var/www/html/w...')
#3 {main}
  thrown in /var/www/html/wp-content/themes/vuoncuaby/page-cate.php on line 250

